# JRE version: OpenJDK Runtime Environment Temurin-17.0.7+7 (17.0.7+7) (build 17.0.7+7)
# Java VM: OpenJDK 64-Bit Server VM Temurin-17.0.7+7 (17.0.7+7, mixed mode, emulated-client, tiered, compressed oops, compressed class ptrs, g1 gc, windows-amd64)
GC Precious Log:
 CPUs: 16 total, 16 available
 Memory: 16337M
 Large Page Support: Disabled
 NUMA Support: Disabled
 Compressed Oops: Enabled (32-bit)
 Heap Region Size: 1M
 Heap Min Capacity: 8M
 Heap Initial Capacity: 256M
 Heap Max Capacity: 1G
 Pre-touch: Disabled
 Parallel Workers: 13
 Concurrent Workers: 3
 Concurrent Refinement Workers: 13
 Periodic GC: Disabled
Heap:
 garbage-first heap   total 116736K, used 34708K [0x00000000c0000000, 0x0000000100000000)
  region size 1024K, 1 young (1024K), 0 survivors (0K)
 Metaspace       used 56554K, committed 57280K, reserved 1114112K
  class space    used 8044K, committed 8320K, reserved 1048576K
GC Heap History (20 events):
Event: 105572.665 GC heap before
{Heap before GC invocations=4284 (full 4224):
 garbage-first heap   total 116736K, used 34708K [0x00000000c0000000, 0x0000000100000000)
  region size 1024K, 1 young (1024K), 0 survivors (0K)
 Metaspace       used 56554K, committed 57280K, reserved 1114112K
  class space    used 8044K, committed 8320K, reserved 1048576K
}
Event: 105572.705 GC heap after
{Heap after GC invocations=4285 (full 4225):
 garbage-first heap   total 116736K, used 34708K [0x00000000c0000000, 0x0000000100000000)
  region size 1024K, 0 young (0K), 0 survivors (0K)
 Metaspace       used 56554K, committed 57280K, reserved 1114112K
  class space    used 8044K, committed 8320K, reserved 1048576K
}
Event: 105582.938 GC heap before
{Heap before GC invocations=4285 (full 4225):
 garbage-first heap   total 116736K, used 34708K [0x00000000c0000000, 0x0000000100000000)
  region size 1024K, 1 young (1024K), 0 survivors (0K)
 Metaspace       used 56554K, committed 57280K, reserved 1114112K
  class space    used 8044K, committed 8320K, reserved 1048576K
}
Event: 105582.980 GC heap after
{Heap after GC invocations=4286 (full 4226):
 garbage-first heap   total 116736K, used 34708K [0x00000000c0000000, 0x0000000100000000)
  region size 1024K, 0 young (0K), 0 survivors (0K)
 Metaspace       used 56554K, committed 57280K, reserved 1114112K
  class space    used 8044K, committed 8320K, reserved 1048576K
}
Event: 105593.236 GC heap before
{Heap before GC invocations=4286 (full 4226):
 garbage-first heap   total 116736K, used 34708K [0x00000000c0000000, 0x0000000100000000)
  region size 1024K, 1 young (1024K), 0 survivors (0K)
 Metaspace       used 56554K, committed 57280K, reserved 1114112K
  class space    used 8044K, committed 8320K, reserved 1048576K
}
Event: 105593.280 GC heap after
{Heap after GC invocations=4287 (full 4227):
 garbage-first heap   total 116736K, used 34708K [0x00000000c0000000, 0x0000000100000000)
  region size 1024K, 0 young (0K), 0 survivors (0K)
 Metaspace       used 56554K, committed 57280K, reserved 1114112K
  class space    used 8044K, committed 8320K, reserved 1048576K
}
Event: 105603.511 GC heap before
{Heap before GC invocations=4287 (full 4227):
 garbage-first heap   total 116736K, used 34708K [0x00000000c0000000, 0x0000000100000000)
  region size 1024K, 1 young (1024K), 0 survivors (0K)
 Metaspace       used 56554K, committed 57280K, reserved 1114112K
  class space    used 8044K, committed 8320K, reserved 1048576K
}
Event: 105603.551 GC heap after
{Heap after GC invocations=4288 (full 4228):
 garbage-first heap   total 116736K, used 34708K [0x00000000c0000000, 0x0000000100000000)
  region size 1024K, 0 young (0K), 0 survivors (0K)
 Metaspace       used 56554K, committed 57280K, reserved 1114112K
  class space    used 8044K, committed 8320K, reserved 1048576K
}
Event: 105613.789 GC heap before
{Heap before GC invocations=4288 (full 4228):
 garbage-first heap   total 116736K, used 34708K [0x00000000c0000000, 0x0000000100000000)
  region size 1024K, 1 young (1024K), 0 survivors (0K)
 Metaspace       used 56554K, committed 57280K, reserved 1114112K
  class space    used 8044K, committed 8320K, reserved 1048576K
}
Event: 105613.828 GC heap after
{Heap after GC invocations=4289 (full 4229):
 garbage-first heap   total 116736K, used 34708K [0x00000000c0000000, 0x0000000100000000)
  region size 1024K, 0 young (0K), 0 survivors (0K)
 Metaspace       used 56554K, committed 57280K, reserved 1114112K
  class space    used 8044K, committed 8320K, reserved 1048576K
}
Event: 105624.069 GC heap before
{Heap before GC invocations=4289 (full 4229):
 garbage-first heap   total 116736K, used 34708K [0x00000000c0000000, 0x0000000100000000)
  region size 1024K, 1 young (1024K), 0 survivors (0K)
 Metaspace       used 56554K, committed 57280K, reserved 1114112K
  class space    used 8044K, committed 8320K, reserved 1048576K
}
Event: 105624.109 GC heap after
{Heap after GC invocations=4290 (full 4230):
 garbage-first heap   total 116736K, used 34708K [0x00000000c0000000, 0x0000000100000000)
  region size 1024K, 0 young (0K), 0 survivors (0K)
 Metaspace       used 56554K, committed 57280K, reserved 1114112K
  class space    used 8044K, committed 8320K, reserved 1048576K
}
Event: 105634.338 GC heap before
{Heap before GC invocations=4290 (full 4230):
 garbage-first heap   total 116736K, used 34708K [0x00000000c0000000, 0x0000000100000000)
  region size 1024K, 1 young (1024K), 0 survivors (0K)
 Metaspace       used 56554K, committed 57280K, reserved 1114112K
  class space    used 8044K, committed 8320K, reserved 1048576K
}
Event: 105634.379 GC heap after
{Heap after GC invocations=4291 (full 4231):
 garbage-first heap   total 116736K, used 34708K [0x00000000c0000000, 0x0000000100000000)
  region size 1024K, 0 young (0K), 0 survivors (0K)
 Metaspace       used 56554K, committed 57280K, reserved 1114112K
  class space    used 8044K, committed 8320K, reserved 1048576K
}
Event: 105644.670 GC heap before
{Heap before GC invocations=4291 (full 4231):
 garbage-first heap   total 116736K, used 34708K [0x00000000c0000000, 0x0000000100000000)
  region size 1024K, 1 young (1024K), 0 survivors (0K)
 Metaspace       used 56554K, committed 57280K, reserved 1114112K
  class space    used 8044K, committed 8320K, reserved 1048576K
}
Event: 105644.722 GC heap after
{Heap after GC invocations=4292 (full 4232):
 garbage-first heap   total 116736K, used 34708K [0x00000000c0000000, 0x0000000100000000)
  region size 1024K, 0 young (0K), 0 survivors (0K)
 Metaspace       used 56554K, committed 57280K, reserved 1114112K
  class space    used 8044K, committed 8320K, reserved 1048576K
}
Event: 105655.082 GC heap before
{Heap before GC invocations=4292 (full 4232):
 garbage-first heap   total 116736K, used 34708K [0x00000000c0000000, 0x0000000100000000)
  region size 1024K, 1 young (1024K), 0 survivors (0K)
 Metaspace       used 56554K, committed 57280K, reserved 1114112K
  class space    used 8044K, committed 8320K, reserved 1048576K
}
Event: 105655.149 GC heap after
{Heap after GC invocations=4293 (full 4233):
 garbage-first heap   total 116736K, used 34708K [0x00000000c0000000, 0x0000000100000000)
  region size 1024K, 0 young (0K), 0 survivors (0K)
 Metaspace       used 56554K, committed 57280K, reserved 1114112K
  class space    used 8044K, committed 8320K, reserved 1048576K
}
Event: 105665.498 GC heap before
{Heap before GC invocations=4293 (full 4233):
 garbage-first heap   total 116736K, used 34708K [0x00000000c0000000, 0x0000000100000000)
  region size 1024K, 1 young (1024K), 0 survivors (0K)
 Metaspace       used 56554K, committed 57280K, reserved 1114112K
  class space    used 8044K, committed 8320K, reserved 1048576K
}
Event: 105665.559 GC heap after
{Heap after GC invocations=4294 (full 4234):
 garbage-first heap   total 116736K, used 34708K [0x00000000c0000000, 0x0000000100000000)
  region size 1024K, 0 young (0K), 0 survivors (0K)
 Metaspace       used 56554K, committed 57280K, reserved 1114112K
  class space    used 8044K, committed 8320K, reserved 1048576K
}

