# JRE version: OpenJDK Runtime Environment Temurin-17.0.7+7 (17.0.7+7) (build 17.0.7+7)
# Java VM: OpenJDK 64-Bit Server VM Temurin-17.0.7+7 (17.0.7+7, mixed mode, emulated-client, tiered, compressed oops, compressed class ptrs, g1 gc, windows-amd64)
GC Precious Log:
 CPUs: 16 total, 16 available
 Memory: 16337M
 Large Page Support: Disabled
 NUMA Support: Disabled
 Compressed Oops: Enabled (32-bit)
 Heap Region Size: 1M
 Heap Min Capacity: 8M
 Heap Initial Capacity: 256M
 Heap Max Capacity: 1G
 Pre-touch: Disabled
 Parallel Workers: 13
 Concurrent Workers: 3
 Concurrent Refinement Workers: 13
 Periodic GC: Disabled
Heap:
 garbage-first heap   total 119808K, used 34824K [0x00000000c0000000, 0x0000000100000000)
  region size 1024K, 1 young (1024K), 0 survivors (0K)
 Metaspace       used 56552K, committed 57344K, reserved 1114112K
  class space    used 8042K, committed 8320K, reserved 1048576K
GC Heap History (20 events):
Event: 36983.417 GC heap before
{Heap before GC invocations=3651 (full 3595):
 garbage-first heap   total 119808K, used 34824K [0x00000000c0000000, 0x0000000100000000)
  region size 1024K, 1 young (1024K), 0 survivors (0K)
 Metaspace       used 56552K, committed 57344K, reserved 1114112K
  class space    used 8042K, committed 8320K, reserved 1048576K
}
Event: 36983.458 GC heap after
{Heap after GC invocations=3652 (full 3596):
 garbage-first heap   total 119808K, used 34824K [0x00000000c0000000, 0x0000000100000000)
  region size 1024K, 0 young (0K), 0 survivors (0K)
 Metaspace       used 56552K, committed 57344K, reserved 1114112K
  class space    used 8042K, committed 8320K, reserved 1048576K
}
Event: 36993.748 GC heap before
{Heap before GC invocations=3652 (full 3596):
 garbage-first heap   total 119808K, used 34824K [0x00000000c0000000, 0x0000000100000000)
  region size 1024K, 1 young (1024K), 0 survivors (0K)
 Metaspace       used 56552K, committed 57344K, reserved 1114112K
  class space    used 8042K, committed 8320K, reserved 1048576K
}
Event: 36993.796 GC heap after
{Heap after GC invocations=3653 (full 3597):
 garbage-first heap   total 119808K, used 34824K [0x00000000c0000000, 0x0000000100000000)
  region size 1024K, 0 young (0K), 0 survivors (0K)
 Metaspace       used 56552K, committed 57344K, reserved 1114112K
  class space    used 8042K, committed 8320K, reserved 1048576K
}
Event: 37004.045 GC heap before
{Heap before GC invocations=3653 (full 3597):
 garbage-first heap   total 119808K, used 34824K [0x00000000c0000000, 0x0000000100000000)
  region size 1024K, 1 young (1024K), 0 survivors (0K)
 Metaspace       used 56552K, committed 57344K, reserved 1114112K
  class space    used 8042K, committed 8320K, reserved 1048576K
}
Event: 37004.098 GC heap after
{Heap after GC invocations=3654 (full 3598):
 garbage-first heap   total 119808K, used 34824K [0x00000000c0000000, 0x0000000100000000)
  region size 1024K, 0 young (0K), 0 survivors (0K)
 Metaspace       used 56552K, committed 57344K, reserved 1114112K
  class space    used 8042K, committed 8320K, reserved 1048576K
}
Event: 37014.341 GC heap before
{Heap before GC invocations=3654 (full 3598):
 garbage-first heap   total 119808K, used 34824K [0x00000000c0000000, 0x0000000100000000)
  region size 1024K, 1 young (1024K), 0 survivors (0K)
 Metaspace       used 56552K, committed 57344K, reserved 1114112K
  class space    used 8042K, committed 8320K, reserved 1048576K
}
Event: 37014.383 GC heap after
{Heap after GC invocations=3655 (full 3599):
 garbage-first heap   total 119808K, used 34824K [0x00000000c0000000, 0x0000000100000000)
  region size 1024K, 0 young (0K), 0 survivors (0K)
 Metaspace       used 56552K, committed 57344K, reserved 1114112K
  class space    used 8042K, committed 8320K, reserved 1048576K
}
Event: 37024.640 GC heap before
{Heap before GC invocations=3655 (full 3599):
 garbage-first heap   total 119808K, used 34824K [0x00000000c0000000, 0x0000000100000000)
  region size 1024K, 1 young (1024K), 0 survivors (0K)
 Metaspace       used 56552K, committed 57344K, reserved 1114112K
  class space    used 8042K, committed 8320K, reserved 1048576K
}
Event: 37024.685 GC heap after
{Heap after GC invocations=3656 (full 3600):
 garbage-first heap   total 119808K, used 34824K [0x00000000c0000000, 0x0000000100000000)
  region size 1024K, 0 young (0K), 0 survivors (0K)
 Metaspace       used 56552K, committed 57344K, reserved 1114112K
  class space    used 8042K, committed 8320K, reserved 1048576K
}
Event: 37034.939 GC heap before
{Heap before GC invocations=3656 (full 3600):
 garbage-first heap   total 119808K, used 34824K [0x00000000c0000000, 0x0000000100000000)
  region size 1024K, 1 young (1024K), 0 survivors (0K)
 Metaspace       used 56552K, committed 57344K, reserved 1114112K
  class space    used 8042K, committed 8320K, reserved 1048576K
}
Event: 37034.980 GC heap after
{Heap after GC invocations=3657 (full 3601):
 garbage-first heap   total 119808K, used 34824K [0x00000000c0000000, 0x0000000100000000)
  region size 1024K, 0 young (0K), 0 survivors (0K)
 Metaspace       used 56552K, committed 57344K, reserved 1114112K
  class space    used 8042K, committed 8320K, reserved 1048576K
}
Event: 37045.231 GC heap before
{Heap before GC invocations=3657 (full 3601):
 garbage-first heap   total 119808K, used 34824K [0x00000000c0000000, 0x0000000100000000)
  region size 1024K, 1 young (1024K), 0 survivors (0K)
 Metaspace       used 56552K, committed 57344K, reserved 1114112K
  class space    used 8042K, committed 8320K, reserved 1048576K
}
Event: 37045.274 GC heap after
{Heap after GC invocations=3658 (full 3602):
 garbage-first heap   total 119808K, used 34824K [0x00000000c0000000, 0x0000000100000000)
  region size 1024K, 0 young (0K), 0 survivors (0K)
 Metaspace       used 56552K, committed 57344K, reserved 1114112K
  class space    used 8042K, committed 8320K, reserved 1048576K
}
Event: 37055.521 GC heap before
{Heap before GC invocations=3658 (full 3602):
 garbage-first heap   total 119808K, used 34824K [0x00000000c0000000, 0x0000000100000000)
  region size 1024K, 1 young (1024K), 0 survivors (0K)
 Metaspace       used 56552K, committed 57344K, reserved 1114112K
  class space    used 8042K, committed 8320K, reserved 1048576K
}
Event: 37055.568 GC heap after
{Heap after GC invocations=3659 (full 3603):
 garbage-first heap   total 119808K, used 34824K [0x00000000c0000000, 0x0000000100000000)
  region size 1024K, 0 young (0K), 0 survivors (0K)
 Metaspace       used 56552K, committed 57344K, reserved 1114112K
  class space    used 8042K, committed 8320K, reserved 1048576K
}
Event: 37065.901 GC heap before
{Heap before GC invocations=3659 (full 3603):
 garbage-first heap   total 119808K, used 34824K [0x00000000c0000000, 0x0000000100000000)
  region size 1024K, 1 young (1024K), 0 survivors (0K)
 Metaspace       used 56552K, committed 57344K, reserved 1114112K
  class space    used 8042K, committed 8320K, reserved 1048576K
}
Event: 37065.956 GC heap after
{Heap after GC invocations=3660 (full 3604):
 garbage-first heap   total 119808K, used 34824K [0x00000000c0000000, 0x0000000100000000)
  region size 1024K, 0 young (0K), 0 survivors (0K)
 Metaspace       used 56552K, committed 57344K, reserved 1114112K
  class space    used 8042K, committed 8320K, reserved 1048576K
}
Event: 37076.221 GC heap before
{Heap before GC invocations=3660 (full 3604):
 garbage-first heap   total 119808K, used 34824K [0x00000000c0000000, 0x0000000100000000)
  region size 1024K, 1 young (1024K), 0 survivors (0K)
 Metaspace       used 56552K, committed 57344K, reserved 1114112K
  class space    used 8042K, committed 8320K, reserved 1048576K
}
Event: 37076.266 GC heap after
{Heap after GC invocations=3661 (full 3605):
 garbage-first heap   total 119808K, used 34824K [0x00000000c0000000, 0x0000000100000000)
  region size 1024K, 0 young (0K), 0 survivors (0K)
 Metaspace       used 56552K, committed 57344K, reserved 1114112K
  class space    used 8042K, committed 8320K, reserved 1048576K
}

